CRITICAL - 2023-10-31 03:51:47 --> include(partials/head-css.php): Failed to open stream: No such file or directory
in APPPATH\Views\zpurchases\purchase_list.php on line 21.
 1 APPPATH\Views\zpurchases\purchase_list.php(21): CodeIgniter\Debug\Exceptions->errorHandler(2, 'include(partials/head-css.php): Failed to open stream: No such file or directory', 'C:\\laragon\\www\\apotek-pos\\app\\Views\\zpurchases\\purchase_list.php', 21)
 2 APPPATH\Views\zpurchases\purchase_list.php(21): include()
 3 SYSTEMPATH\View\View.php(226): include('C:\\laragon\\www\\apotek-pos\\app\\Views\\zpurchases\\purchase_list.php')
 4 SYSTEMPATH\View\View.php(229): CodeIgniter\View\View->CodeIgniter\View\{closure}()
 5 SYSTEMPATH\Common.php(1188): CodeIgniter\View\View->render('zpurchases/purchase_list', [], true)
 6 APPPATH\Controllers\Purchase.php(14): view('zpurchases/purchase_list', [...])
 7 SYSTEMPATH\CodeIgniter.php(919): App\Controllers\Purchase->purchase_list()
 8 SYSTEMPATH\CodeIgniter.php(494): CodeIgniter\CodeIgniter->runController(Object(App\Controllers\Purchase))
 9 SYSTEMPATH\CodeIgniter.php(353): CodeIgniter\CodeIgniter->handleRequest(null, Object(Config\Cache), false)
10 FCPATH\index.php(79): CodeIgniter\CodeIgniter->run()
CRITICAL - 2023-10-31 03:52:09 --> include(partials/head-css.php): Failed to open stream: No such file or directory
in APPPATH\Views\zpurchases\purchase_list.php on line 22.
 1 APPPATH\Views\zpurchases\purchase_list.php(22): CodeIgniter\Debug\Exceptions->errorHandler(2, 'include(partials/head-css.php): Failed to open stream: No such file or directory', 'C:\\laragon\\www\\apotek-pos\\app\\Views\\zpurchases\\purchase_list.php', 22)
 2 APPPATH\Views\zpurchases\purchase_list.php(22): include()
 3 SYSTEMPATH\View\View.php(226): include('C:\\laragon\\www\\apotek-pos\\app\\Views\\zpurchases\\purchase_list.php')
 4 SYSTEMPATH\View\View.php(229): CodeIgniter\View\View->CodeIgniter\View\{closure}()
 5 SYSTEMPATH\Common.php(1188): CodeIgniter\View\View->render('zpurchases/purchase_list', [], true)
 6 APPPATH\Controllers\Purchase.php(14): view('zpurchases/purchase_list', [...])
 7 SYSTEMPATH\CodeIgniter.php(919): App\Controllers\Purchase->purchase_list()
 8 SYSTEMPATH\CodeIgniter.php(494): CodeIgniter\CodeIgniter->runController(Object(App\Controllers\Purchase))
 9 SYSTEMPATH\CodeIgniter.php(353): CodeIgniter\CodeIgniter->handleRequest(null, Object(Config\Cache), false)
10 FCPATH\index.php(79): CodeIgniter\CodeIgniter->run()
CRITICAL - 2023-10-31 03:52:10 --> include(partials/head-css.php): Failed to open stream: No such file or directory
in APPPATH\Views\zpurchases\purchase_list.php on line 22.
 1 APPPATH\Views\zpurchases\purchase_list.php(22): CodeIgniter\Debug\Exceptions->errorHandler(2, 'include(partials/head-css.php): Failed to open stream: No such file or directory', 'C:\\laragon\\www\\apotek-pos\\app\\Views\\zpurchases\\purchase_list.php', 22)
 2 APPPATH\Views\zpurchases\purchase_list.php(22): include()
 3 SYSTEMPATH\View\View.php(226): include('C:\\laragon\\www\\apotek-pos\\app\\Views\\zpurchases\\purchase_list.php')
 4 SYSTEMPATH\View\View.php(229): CodeIgniter\View\View->CodeIgniter\View\{closure}()
 5 SYSTEMPATH\Common.php(1188): CodeIgniter\View\View->render('zpurchases/purchase_list', [], true)
 6 APPPATH\Controllers\Purchase.php(14): view('zpurchases/purchase_list', [...])
 7 SYSTEMPATH\CodeIgniter.php(919): App\Controllers\Purchase->purchase_list()
 8 SYSTEMPATH\CodeIgniter.php(494): CodeIgniter\CodeIgniter->runController(Object(App\Controllers\Purchase))
 9 SYSTEMPATH\CodeIgniter.php(353): CodeIgniter\CodeIgniter->handleRequest(null, Object(Config\Cache), false)
10 FCPATH\index.php(79): CodeIgniter\CodeIgniter->run()
CRITICAL - 2023-10-31 03:52:10 --> include(partials/head-css.php): Failed to open stream: No such file or directory
in APPPATH\Views\zpurchases\purchase_list.php on line 22.
 1 APPPATH\Views\zpurchases\purchase_list.php(22): CodeIgniter\Debug\Exceptions->errorHandler(2, 'include(partials/head-css.php): Failed to open stream: No such file or directory', 'C:\\laragon\\www\\apotek-pos\\app\\Views\\zpurchases\\purchase_list.php', 22)
 2 APPPATH\Views\zpurchases\purchase_list.php(22): include()
 3 SYSTEMPATH\View\View.php(226): include('C:\\laragon\\www\\apotek-pos\\app\\Views\\zpurchases\\purchase_list.php')
 4 SYSTEMPATH\View\View.php(229): CodeIgniter\View\View->CodeIgniter\View\{closure}()
 5 SYSTEMPATH\Common.php(1188): CodeIgniter\View\View->render('zpurchases/purchase_list', [], true)
 6 APPPATH\Controllers\Purchase.php(14): view('zpurchases/purchase_list', [...])
 7 SYSTEMPATH\CodeIgniter.php(919): App\Controllers\Purchase->purchase_list()
 8 SYSTEMPATH\CodeIgniter.php(494): CodeIgniter\CodeIgniter->runController(Object(App\Controllers\Purchase))
 9 SYSTEMPATH\CodeIgniter.php(353): CodeIgniter\CodeIgniter->handleRequest(null, Object(Config\Cache), false)
10 FCPATH\index.php(79): CodeIgniter\CodeIgniter->run()
CRITICAL - 2023-10-31 03:53:55 --> syntax error, unexpected identifier "content", expecting ")"
in APPPATH\Views\zpurchases\purchase_list.php on line 26.
 1 SYSTEMPATH\View\View.php(229): CodeIgniter\View\View->CodeIgniter\View\{closure}()
 2 SYSTEMPATH\Common.php(1188): CodeIgniter\View\View->render('zpurchases/purchase_list', [], true)
 3 APPPATH\Controllers\Purchase.php(14): view('zpurchases/purchase_list', [...])
 4 SYSTEMPATH\CodeIgniter.php(919): App\Controllers\Purchase->purchase_list()
 5 SYSTEMPATH\CodeIgniter.php(494): CodeIgniter\CodeIgniter->runController(Object(App\Controllers\Purchase))
 6 SYSTEMPATH\CodeIgniter.php(353): CodeIgniter\CodeIgniter->handleRequest(null, Object(Config\Cache), false)
 7 FCPATH\index.php(79): CodeIgniter\CodeIgniter->run()
CRITICAL - 2023-10-31 03:54:07 --> syntax error, unexpected identifier "content", expecting ")"
in APPPATH\Views\zpurchases\purchase_list.php on line 26.
 1 SYSTEMPATH\View\View.php(229): CodeIgniter\View\View->CodeIgniter\View\{closure}()
 2 SYSTEMPATH\Common.php(1188): CodeIgniter\View\View->render('zpurchases/purchase_list', [], true)
 3 APPPATH\Controllers\Purchase.php(14): view('zpurchases/purchase_list', [...])
 4 SYSTEMPATH\CodeIgniter.php(919): App\Controllers\Purchase->purchase_list()
 5 SYSTEMPATH\CodeIgniter.php(494): CodeIgniter\CodeIgniter->runController(Object(App\Controllers\Purchase))
 6 SYSTEMPATH\CodeIgniter.php(353): CodeIgniter\CodeIgniter->handleRequest(null, Object(Config\Cache), false)
 7 FCPATH\index.php(79): CodeIgniter\CodeIgniter->run()
CRITICAL - 2023-10-31 03:54:08 --> syntax error, unexpected identifier "content", expecting ")"
in APPPATH\Views\zpurchases\purchase_list.php on line 26.
 1 SYSTEMPATH\View\View.php(229): CodeIgniter\View\View->CodeIgniter\View\{closure}()
 2 SYSTEMPATH\Common.php(1188): CodeIgniter\View\View->render('zpurchases/purchase_list', [], true)
 3 APPPATH\Controllers\Purchase.php(14): view('zpurchases/purchase_list', [...])
 4 SYSTEMPATH\CodeIgniter.php(919): App\Controllers\Purchase->purchase_list()
 5 SYSTEMPATH\CodeIgniter.php(494): CodeIgniter\CodeIgniter->runController(Object(App\Controllers\Purchase))
 6 SYSTEMPATH\CodeIgniter.php(353): CodeIgniter\CodeIgniter->handleRequest(null, Object(Config\Cache), false)
 7 FCPATH\index.php(79): CodeIgniter\CodeIgniter->run()
CRITICAL - 2023-10-31 03:54:08 --> syntax error, unexpected identifier "content", expecting ")"
in APPPATH\Views\zpurchases\purchase_list.php on line 26.
 1 SYSTEMPATH\View\View.php(229): CodeIgniter\View\View->CodeIgniter\View\{closure}()
 2 SYSTEMPATH\Common.php(1188): CodeIgniter\View\View->render('zpurchases/purchase_list', [], true)
 3 APPPATH\Controllers\Purchase.php(14): view('zpurchases/purchase_list', [...])
 4 SYSTEMPATH\CodeIgniter.php(919): App\Controllers\Purchase->purchase_list()
 5 SYSTEMPATH\CodeIgniter.php(494): CodeIgniter\CodeIgniter->runController(Object(App\Controllers\Purchase))
 6 SYSTEMPATH\CodeIgniter.php(353): CodeIgniter\CodeIgniter->handleRequest(null, Object(Config\Cache), false)
 7 FCPATH\index.php(79): CodeIgniter\CodeIgniter->run()
CRITICAL - 2023-10-31 03:54:09 --> syntax error, unexpected identifier "content", expecting ")"
in APPPATH\Views\zpurchases\purchase_list.php on line 26.
 1 SYSTEMPATH\View\View.php(229): CodeIgniter\View\View->CodeIgniter\View\{closure}()
 2 SYSTEMPATH\Common.php(1188): CodeIgniter\View\View->render('zpurchases/purchase_list', [], true)
 3 APPPATH\Controllers\Purchase.php(14): view('zpurchases/purchase_list', [...])
 4 SYSTEMPATH\CodeIgniter.php(919): App\Controllers\Purchase->purchase_list()
 5 SYSTEMPATH\CodeIgniter.php(494): CodeIgniter\CodeIgniter->runController(Object(App\Controllers\Purchase))
 6 SYSTEMPATH\CodeIgniter.php(353): CodeIgniter\CodeIgniter->handleRequest(null, Object(Config\Cache), false)
 7 FCPATH\index.php(79): CodeIgniter\CodeIgniter->run()
CRITICAL - 2023-10-31 03:54:09 --> syntax error, unexpected identifier "content", expecting ")"
in APPPATH\Views\zpurchases\purchase_list.php on line 26.
 1 SYSTEMPATH\View\View.php(229): CodeIgniter\View\View->CodeIgniter\View\{closure}()
 2 SYSTEMPATH\Common.php(1188): CodeIgniter\View\View->render('zpurchases/purchase_list', [], true)
 3 APPPATH\Controllers\Purchase.php(14): view('zpurchases/purchase_list', [...])
 4 SYSTEMPATH\CodeIgniter.php(919): App\Controllers\Purchase->purchase_list()
 5 SYSTEMPATH\CodeIgniter.php(494): CodeIgniter\CodeIgniter->runController(Object(App\Controllers\Purchase))
 6 SYSTEMPATH\CodeIgniter.php(353): CodeIgniter\CodeIgniter->handleRequest(null, Object(Config\Cache), false)
 7 FCPATH\index.php(79): CodeIgniter\CodeIgniter->run()
CRITICAL - 2023-10-31 03:54:09 --> syntax error, unexpected identifier "content", expecting ")"
in APPPATH\Views\zpurchases\purchase_list.php on line 26.
 1 SYSTEMPATH\View\View.php(229): CodeIgniter\View\View->CodeIgniter\View\{closure}()
 2 SYSTEMPATH\Common.php(1188): CodeIgniter\View\View->render('zpurchases/purchase_list', [], true)
 3 APPPATH\Controllers\Purchase.php(14): view('zpurchases/purchase_list', [...])
 4 SYSTEMPATH\CodeIgniter.php(919): App\Controllers\Purchase->purchase_list()
 5 SYSTEMPATH\CodeIgniter.php(494): CodeIgniter\CodeIgniter->runController(Object(App\Controllers\Purchase))
 6 SYSTEMPATH\CodeIgniter.php(353): CodeIgniter\CodeIgniter->handleRequest(null, Object(Config\Cache), false)
 7 FCPATH\index.php(79): CodeIgniter\CodeIgniter->run()
CRITICAL - 2023-10-31 03:54:24 --> syntax error, unexpected identifier "content", expecting ")"
in APPPATH\Views\zpurchases\purchase_list.php on line 26.
 1 SYSTEMPATH\View\View.php(229): CodeIgniter\View\View->CodeIgniter\View\{closure}()
 2 SYSTEMPATH\Common.php(1188): CodeIgniter\View\View->render('zpurchases/purchase_list', [], true)
 3 APPPATH\Controllers\Purchase.php(14): view('zpurchases/purchase_list', [...])
 4 SYSTEMPATH\CodeIgniter.php(919): App\Controllers\Purchase->purchase_list()
 5 SYSTEMPATH\CodeIgniter.php(494): CodeIgniter\CodeIgniter->runController(Object(App\Controllers\Purchase))
 6 SYSTEMPATH\CodeIgniter.php(353): CodeIgniter\CodeIgniter->handleRequest(null, Object(Config\Cache), false)
 7 FCPATH\index.php(79): CodeIgniter\CodeIgniter->run()
CRITICAL - 2023-10-31 03:54:25 --> syntax error, unexpected identifier "content", expecting ")"
in APPPATH\Views\zpurchases\purchase_list.php on line 26.
 1 SYSTEMPATH\View\View.php(229): CodeIgniter\View\View->CodeIgniter\View\{closure}()
 2 SYSTEMPATH\Common.php(1188): CodeIgniter\View\View->render('zpurchases/purchase_list', [], true)
 3 APPPATH\Controllers\Purchase.php(14): view('zpurchases/purchase_list', [...])
 4 SYSTEMPATH\CodeIgniter.php(919): App\Controllers\Purchase->purchase_list()
 5 SYSTEMPATH\CodeIgniter.php(494): CodeIgniter\CodeIgniter->runController(Object(App\Controllers\Purchase))
 6 SYSTEMPATH\CodeIgniter.php(353): CodeIgniter\CodeIgniter->handleRequest(null, Object(Config\Cache), false)
 7 FCPATH\index.php(79): CodeIgniter\CodeIgniter->run()
CRITICAL - 2023-10-31 03:54:25 --> syntax error, unexpected identifier "content", expecting ")"
in APPPATH\Views\zpurchases\purchase_list.php on line 26.
 1 SYSTEMPATH\View\View.php(229): CodeIgniter\View\View->CodeIgniter\View\{closure}()
 2 SYSTEMPATH\Common.php(1188): CodeIgniter\View\View->render('zpurchases/purchase_list', [], true)
 3 APPPATH\Controllers\Purchase.php(14): view('zpurchases/purchase_list', [...])
 4 SYSTEMPATH\CodeIgniter.php(919): App\Controllers\Purchase->purchase_list()
 5 SYSTEMPATH\CodeIgniter.php(494): CodeIgniter\CodeIgniter->runController(Object(App\Controllers\Purchase))
 6 SYSTEMPATH\CodeIgniter.php(353): CodeIgniter\CodeIgniter->handleRequest(null, Object(Config\Cache), false)
 7 FCPATH\index.php(79): CodeIgniter\CodeIgniter->run()
CRITICAL - 2023-10-31 03:54:32 --> syntax error, unexpected identifier "content", expecting ")"
in APPPATH\Views\zpurchases\purchase_list.php on line 26.
 1 SYSTEMPATH\View\View.php(229): CodeIgniter\View\View->CodeIgniter\View\{closure}()
 2 SYSTEMPATH\Common.php(1188): CodeIgniter\View\View->render('zpurchases/purchase_list', [], true)
 3 APPPATH\Controllers\Purchase.php(14): view('zpurchases/purchase_list', [...])
 4 SYSTEMPATH\CodeIgniter.php(919): App\Controllers\Purchase->purchase_list()
 5 SYSTEMPATH\CodeIgniter.php(494): CodeIgniter\CodeIgniter->runController(Object(App\Controllers\Purchase))
 6 SYSTEMPATH\CodeIgniter.php(353): CodeIgniter\CodeIgniter->handleRequest(null, Object(Config\Cache), false)
 7 FCPATH\index.php(79): CodeIgniter\CodeIgniter->run()
CRITICAL - 2023-10-31 03:54:38 --> syntax error, unexpected identifier "content", expecting ")"
in APPPATH\Views\zpurchases\purchase_list.php on line 26.
 1 SYSTEMPATH\View\View.php(229): CodeIgniter\View\View->CodeIgniter\View\{closure}()
 2 SYSTEMPATH\Common.php(1188): CodeIgniter\View\View->render('zpurchases/purchase_list', [], true)
 3 APPPATH\Controllers\Purchase.php(14): view('zpurchases/purchase_list', [...])
 4 SYSTEMPATH\CodeIgniter.php(919): App\Controllers\Purchase->purchase_list()
 5 SYSTEMPATH\CodeIgniter.php(494): CodeIgniter\CodeIgniter->runController(Object(App\Controllers\Purchase))
 6 SYSTEMPATH\CodeIgniter.php(353): CodeIgniter\CodeIgniter->handleRequest(null, Object(Config\Cache), false)
 7 FCPATH\index.php(79): CodeIgniter\CodeIgniter->run()
CRITICAL - 2023-10-31 03:54:57 --> syntax error, unexpected identifier "content", expecting ")"
in APPPATH\Views\zpurchases\purchase_list.php on line 26.
 1 SYSTEMPATH\View\View.php(229): CodeIgniter\View\View->CodeIgniter\View\{closure}()
 2 SYSTEMPATH\Common.php(1188): CodeIgniter\View\View->render('zpurchases/purchase_list', [], true)
 3 APPPATH\Controllers\Purchase.php(14): view('zpurchases/purchase_list', [...])
 4 SYSTEMPATH\CodeIgniter.php(919): App\Controllers\Purchase->purchase_list()
 5 SYSTEMPATH\CodeIgniter.php(494): CodeIgniter\CodeIgniter->runController(Object(App\Controllers\Purchase))
 6 SYSTEMPATH\CodeIgniter.php(353): CodeIgniter\CodeIgniter->handleRequest(null, Object(Config\Cache), false)
 7 FCPATH\index.php(79): CodeIgniter\CodeIgniter->run()
CRITICAL - 2023-10-31 07:10:01 --> syntax error, unexpected token ";"
in APPPATH\Views\zmaster\item.php on line 27.
 1 SYSTEMPATH\View\View.php(229): CodeIgniter\View\View->CodeIgniter\View\{closure}()
 2 SYSTEMPATH\Common.php(1188): CodeIgniter\View\View->render('zmaster/item', [], true)
 3 APPPATH\Controllers\Master.php(14): view('zmaster/item', [...])
 4 SYSTEMPATH\CodeIgniter.php(919): App\Controllers\Master->item()
 5 SYSTEMPATH\CodeIgniter.php(494): CodeIgniter\CodeIgniter->runController(Object(App\Controllers\Master))
 6 SYSTEMPATH\CodeIgniter.php(353): CodeIgniter\CodeIgniter->handleRequest(null, Object(Config\Cache), false)
 7 FCPATH\index.php(79): CodeIgniter\CodeIgniter->run()
CRITICAL - 2023-10-31 07:10:33 --> syntax error, unexpected token ";"
in APPPATH\Views\zmaster\item.php on line 27.
 1 SYSTEMPATH\View\View.php(229): CodeIgniter\View\View->CodeIgniter\View\{closure}()
 2 SYSTEMPATH\Common.php(1188): CodeIgniter\View\View->render('zmaster/item', [], true)
 3 APPPATH\Controllers\Master.php(14): view('zmaster/item', [...])
 4 SYSTEMPATH\CodeIgniter.php(919): App\Controllers\Master->item()
 5 SYSTEMPATH\CodeIgniter.php(494): CodeIgniter\CodeIgniter->runController(Object(App\Controllers\Master))
 6 SYSTEMPATH\CodeIgniter.php(353): CodeIgniter\CodeIgniter->handleRequest(null, Object(Config\Cache), false)
 7 FCPATH\index.php(79): CodeIgniter\CodeIgniter->run()
