CRITICAL - 2023-10-19 09:51:35 --> include(partials/title-meta.php): Failed to open stream: No such file or directory
in APPPATH\Views\dashboard.php on line 7.
 1 APPPATH\Views\dashboard.php(7): CodeIgniter\Debug\Exceptions->errorHandler(2, 'include(partials/title-meta.php): Failed to open stream: No such file or directory', 'C:\\laragon\\www\\apotek-pos\\app\\Views\\dashboard.php', 7)
 2 APPPATH\Views\dashboard.php(7): include()
 3 SYSTEMPATH\View\View.php(226): include('C:\\laragon\\www\\apotek-pos\\app\\Views\\dashboard.php')
 4 SYSTEMPATH\View\View.php(229): CodeIgniter\View\View->CodeIgniter\View\{closure}()
 5 SYSTEMPATH\Common.php(1188): CodeIgniter\View\View->render('dashboard', [], true)
 6 APPPATH\Controllers\Home.php(9): view('dashboard')
 7 SYSTEMPATH\CodeIgniter.php(919): App\Controllers\Home->index()
 8 SYSTEMPATH\CodeIgniter.php(494): CodeIgniter\CodeIgniter->runController(Object(App\Controllers\Home))
 9 SYSTEMPATH\CodeIgniter.php(353): CodeIgniter\CodeIgniter->handleRequest(null, Object(Config\Cache), false)
10 FCPATH\index.php(79): CodeIgniter\CodeIgniter->run()
CRITICAL - 2023-10-19 09:51:38 --> include(partials/title-meta.php): Failed to open stream: No such file or directory
in APPPATH\Views\dashboard.php on line 7.
 1 APPPATH\Views\dashboard.php(7): CodeIgniter\Debug\Exceptions->errorHandler(2, 'include(partials/title-meta.php): Failed to open stream: No such file or directory', 'C:\\laragon\\www\\apotek-pos\\app\\Views\\dashboard.php', 7)
 2 APPPATH\Views\dashboard.php(7): include()
 3 SYSTEMPATH\View\View.php(226): include('C:\\laragon\\www\\apotek-pos\\app\\Views\\dashboard.php')
 4 SYSTEMPATH\View\View.php(229): CodeIgniter\View\View->CodeIgniter\View\{closure}()
 5 SYSTEMPATH\Common.php(1188): CodeIgniter\View\View->render('dashboard', [], true)
 6 APPPATH\Controllers\Home.php(9): view('dashboard')
 7 SYSTEMPATH\CodeIgniter.php(919): App\Controllers\Home->index()
 8 SYSTEMPATH\CodeIgniter.php(494): CodeIgniter\CodeIgniter->runController(Object(App\Controllers\Home))
 9 SYSTEMPATH\CodeIgniter.php(353): CodeIgniter\CodeIgniter->handleRequest(null, Object(Config\Cache), false)
10 FCPATH\index.php(79): CodeIgniter\CodeIgniter->run()
CRITICAL - 2023-10-19 09:51:38 --> include(partials/title-meta.php): Failed to open stream: No such file or directory
in APPPATH\Views\dashboard.php on line 7.
 1 APPPATH\Views\dashboard.php(7): CodeIgniter\Debug\Exceptions->errorHandler(2, 'include(partials/title-meta.php): Failed to open stream: No such file or directory', 'C:\\laragon\\www\\apotek-pos\\app\\Views\\dashboard.php', 7)
 2 APPPATH\Views\dashboard.php(7): include()
 3 SYSTEMPATH\View\View.php(226): include('C:\\laragon\\www\\apotek-pos\\app\\Views\\dashboard.php')
 4 SYSTEMPATH\View\View.php(229): CodeIgniter\View\View->CodeIgniter\View\{closure}()
 5 SYSTEMPATH\Common.php(1188): CodeIgniter\View\View->render('dashboard', [], true)
 6 APPPATH\Controllers\Home.php(9): view('dashboard')
 7 SYSTEMPATH\CodeIgniter.php(919): App\Controllers\Home->index()
 8 SYSTEMPATH\CodeIgniter.php(494): CodeIgniter\CodeIgniter->runController(Object(App\Controllers\Home))
 9 SYSTEMPATH\CodeIgniter.php(353): CodeIgniter\CodeIgniter->handleRequest(null, Object(Config\Cache), false)
10 FCPATH\index.php(79): CodeIgniter\CodeIgniter->run()
CRITICAL - 2023-10-19 09:51:38 --> include(partials/title-meta.php): Failed to open stream: No such file or directory
in APPPATH\Views\dashboard.php on line 7.
 1 APPPATH\Views\dashboard.php(7): CodeIgniter\Debug\Exceptions->errorHandler(2, 'include(partials/title-meta.php): Failed to open stream: No such file or directory', 'C:\\laragon\\www\\apotek-pos\\app\\Views\\dashboard.php', 7)
 2 APPPATH\Views\dashboard.php(7): include()
 3 SYSTEMPATH\View\View.php(226): include('C:\\laragon\\www\\apotek-pos\\app\\Views\\dashboard.php')
 4 SYSTEMPATH\View\View.php(229): CodeIgniter\View\View->CodeIgniter\View\{closure}()
 5 SYSTEMPATH\Common.php(1188): CodeIgniter\View\View->render('dashboard', [], true)
 6 APPPATH\Controllers\Home.php(9): view('dashboard')
 7 SYSTEMPATH\CodeIgniter.php(919): App\Controllers\Home->index()
 8 SYSTEMPATH\CodeIgniter.php(494): CodeIgniter\CodeIgniter->runController(Object(App\Controllers\Home))
 9 SYSTEMPATH\CodeIgniter.php(353): CodeIgniter\CodeIgniter->handleRequest(null, Object(Config\Cache), false)
10 FCPATH\index.php(79): CodeIgniter\CodeIgniter->run()
CRITICAL - 2023-10-19 09:52:18 --> include(partials/title-meta.php): Failed to open stream: No such file or directory
in APPPATH\Views\dashboard.php on line 7.
 1 APPPATH\Views\dashboard.php(7): CodeIgniter\Debug\Exceptions->errorHandler(2, 'include(partials/title-meta.php): Failed to open stream: No such file or directory', 'C:\\laragon\\www\\apotek-pos\\app\\Views\\dashboard.php', 7)
 2 APPPATH\Views\dashboard.php(7): include()
 3 SYSTEMPATH\View\View.php(226): include('C:\\laragon\\www\\apotek-pos\\app\\Views\\dashboard.php')
 4 SYSTEMPATH\View\View.php(229): CodeIgniter\View\View->CodeIgniter\View\{closure}()
 5 SYSTEMPATH\Common.php(1188): CodeIgniter\View\View->render('dashboard', [], true)
 6 APPPATH\Controllers\Home.php(9): view('dashboard')
 7 SYSTEMPATH\CodeIgniter.php(919): App\Controllers\Home->index()
 8 SYSTEMPATH\CodeIgniter.php(494): CodeIgniter\CodeIgniter->runController(Object(App\Controllers\Home))
 9 SYSTEMPATH\CodeIgniter.php(353): CodeIgniter\CodeIgniter->handleRequest(null, Object(Config\Cache), false)
10 FCPATH\index.php(79): CodeIgniter\CodeIgniter->run()
CRITICAL - 2023-10-19 13:37:14 --> Invalid file: "pos.php"
in SYSTEMPATH\Exceptions\FrameworkException.php on line 39.
 1 SYSTEMPATH\View\View.php(214): CodeIgniter\Exceptions\FrameworkException::forInvalidFile('pos.php')
 2 SYSTEMPATH\Common.php(1188): CodeIgniter\View\View->render('pos', [], true)
 3 APPPATH\Controllers\Pos.php(9): view('pos')
 4 SYSTEMPATH\CodeIgniter.php(919): App\Controllers\Pos->index()
 5 SYSTEMPATH\CodeIgniter.php(494): CodeIgniter\CodeIgniter->runController(Object(App\Controllers\Pos))
 6 SYSTEMPATH\CodeIgniter.php(353): CodeIgniter\CodeIgniter->handleRequest(null, Object(Config\Cache), false)
 7 FCPATH\index.php(79): CodeIgniter\CodeIgniter->run()
